<?xml version="1.0" encoding="UTF-8"?>
<!-- Generated by org.testng.reporters.JUnitReportReporter -->
<testsuite skipped="1" hostname="DESKTOP-6IQCS29" name="com.TestNG.Annotation2" tests="3" failures="0" timestamp="24 Apr 2020 11:44:16 GMT" time="0.007" errors="0">
  <testcase name="inBox" time="0.005" classname="com.TestNG.Annotation2"/>
  <testcase name="sentMail" time="0.002" classname="com.TestNG.Annotation2"/>
  <testcase name="composeMail" classname="com.TestNG.Annotation2">
    <skipped/>
  </testcase> <!-- composeMail -->
</testsuite> <!-- com.TestNG.Annotation2 -->
