<?xml version="1.0" encoding="UTF-8"?>
<!-- Generated by org.testng.reporters.JUnitReportReporter -->
<testsuite skipped="1" hostname="DESKTOP-6IQCS29" name="com.TestNG.Annotation3" tests="3" failures="0" timestamp="24 Apr 2020 11:46:22 GMT" time="0.018" errors="0">
  <testcase name="inBox" time="0.007" classname="com.TestNG.Annotation3"/>
  <testcase name="sentMail" time="0.011" classname="com.TestNG.Annotation3"/>
  <testcase name="composeMail" classname="com.TestNG.Annotation3">
    <skipped/>
  </testcase> <!-- composeMail -->
</testsuite> <!-- com.TestNG.Annotation3 -->
