<?xml version="1.0" encoding="UTF-8"?>
<!-- Generated by org.testng.reporters.JUnitReportReporter -->
<testsuite skipped="0" hostname="DESKTOP-6IQCS29" name="com.NewToursApplication_TestNG.NewTours_LonInTest" tests="1" failures="0" timestamp="25 Apr 2020 07:06:22 GMT" time="7.300" errors="0">
  <testcase name="logInPage" time="7.300" classname="com.NewToursApplication_TestNG.NewTours_LonInTest"/>
</testsuite> <!-- com.NewToursApplication_TestNG.NewTours_LonInTest -->
