<?xml version="1.0" encoding="UTF-8"?>
<!-- Generated by org.testng.reporters.JUnitReportReporter -->
<testsuite skipped="0" hostname="DESKTOP-6IQCS29" name="com.NewToursApplication_TestNG.NewTours_LoginTest_MultipleTestData" tests="1" failures="0" timestamp="25 Apr 2020 11:05:15 GMT" time="18.166" errors="0">
  <testcase name="logInPage" time="18.166" classname="com.NewToursApplication_TestNG.NewTours_LoginTest_MultipleTestData"/>
</testsuite> <!-- com.NewToursApplication_TestNG.NewTours_LoginTest_MultipleTestData -->
