<?xml version="1.0" encoding="UTF-8"?>
<!-- Generated by org.testng.reporters.JUnitReportReporter -->
<testsuite skipped="0" hostname="DESKTOP-6IQCS29" name="com.Screenshot.Bing_Screenshot" tests="1" failures="0" timestamp="25 Apr 2020 13:05:26 GMT" time="3.534" errors="0">
  <testcase name="captureScreenshot" time="3.534" classname="com.Screenshot.Bing_Screenshot"/>
</testsuite> <!-- com.Screenshot.Bing_Screenshot -->
