<?xml version="1.0" encoding="UTF-8"?>
<!-- Generated by org.testng.reporters.JUnitReportReporter -->
<testsuite skipped="1" hostname="DESKTOP-6IQCS29" name="com.TestNG.Annotation1" tests="4" failures="0" timestamp="24 Apr 2020 11:33:48 GMT" time="0.016" errors="0">
  <testcase name="gmailApplicationLaunch" time="0.012" classname="com.TestNG.Annotation1"/>
  <testcase name="inBox" time="0.003" classname="com.TestNG.Annotation1"/>
  <testcase name="sentMail" time="0.001" classname="com.TestNG.Annotation1"/>
  <testcase name="composeMail" classname="com.TestNG.Annotation1">
    <skipped/>
  </testcase> <!-- composeMail -->
</testsuite> <!-- com.TestNG.Annotation1 -->
