<?xml version="1.0" encoding="UTF-8"?>
<!-- Generated by org.testng.reporters.JUnitReportReporter -->
<testsuite skipped="0" hostname="DESKTOP-6IQCS29" name="com.NewToursApplication_TestNG.Register_MultipleData" tests="1" failures="0" timestamp="25 Apr 2020 10:04:46 GMT" time="17.999" errors="0">
  <testcase name="registration" time="17.999" classname="com.NewToursApplication_TestNG.Register_MultipleData"/>
</testsuite> <!-- com.NewToursApplication_TestNG.Register_MultipleData -->
