<?xml version="1.0" encoding="UTF-8"?>
<!-- Generated by org.testng.reporters.JUnitReportReporter -->
<testsuite skipped="0" hostname="DESKTOP-6IQCS29" name="com.NewToursApplication_TestNG.Register" tests="1" failures="0" timestamp="25 Apr 2020 11:05:15 GMT" time="4.705" errors="0">
  <testcase name="registration" time="4.705" classname="com.NewToursApplication_TestNG.Register"/>
</testsuite> <!-- com.NewToursApplication_TestNG.Register -->
